<?xml version="1.0" encoding="UTF-8"?>
<testsuite xmlns:xsi="http://www.w3.org/2001/XMLSchema-instance" xsi:noNamespaceSchemaLocation="https://maven.apache.org/surefire/maven-surefire-plugin/xsd/surefire-test-report.xsd" version="3.0.2" name="com.bg.resume_analyser.ResumeAnalyserApplicationTests" time="1.823" tests="1" errors="0" skipped="0" failures="0">
  <properties>
[...]
</properties>
  <testcase name="contextLoads" classname="com.bg.resume_analyser.ResumeAnalyserApplicationTests" time="0.23">
    <system-out><![CDATA[16:56:16.782 [main] INFO org.springframework.test.context.support.AnnotationConfigContextLoaderUtils -- Could not detect default configuration classes for test class [com.bg.resume_analyser.ResumeAnalyserApplicationTests]: ResumeAnalyserApplicationTests does not declare any static, non-private, non-final, nested classes annotated with @Configuration.
16:56:16.821 [main] INFO org.springframework.boot.test.context.SpringBootTestContextBootstrapper -- Found @SpringBootConfiguration com.bg.resume_analyser.ResumeAnalyserApplication for test class com.bg.resume_analyser.ResumeAnalyserApplicationTests
16:56:16.868 [main] INFO org.springframework.boot.devtools.restart.RestartApplicationListener -- Restart disabled due to context in which it is running

  .   ____          _            __ _ _
 /\\ / ___'_ __ _ _(_)_ __  __ _ \ \ \ \
( ( )\___ | '_ | '_| | '_ \/ _` | \ \ \ \
 \\/  ___)| |_)| | | | | || (_| |  ) ) ) )
  '  |____| .__|_| |_|_| |_\__, | / / / /
 =========|_|==============|___/=/_/_/_/

 :: Spring Boot ::               (v3.4.12)

2025-12-05T16:56:16.941Z  INFO 24554 --- [resume-analyser] [           main] c.b.r.ResumeAnalyserApplicationTests     : Starting ResumeAnalyserApplicationTests using Java 25.0.1 with PID 24554 (started by brunoguimaraes in /Users/brunoguimaraes/Repo/ai-job-tailor)
2025-12-05T16:56:16.941Z  INFO 24554 --- [resume-analyser] [           main] c.b.r.ResumeAnalyserApplicationTests     : No active profile set, falling back to 1 default profile: "default"
2025-12-05T16:56:18.153Z  WARN 24554 --- [resume-analyser] [           main] JpaBaseConfiguration$JpaWebConfiguration : spring.jpa.open-in-view is enabled by default. Therefore, database queries may be performed during view rendering. Explicitly configure spring.jpa.open-in-view to disable this warning
2025-12-05T16:56:18.324Z  INFO 24554 --- [resume-analyser] [           main] c.b.r.ResumeAnalyserApplicationTests     : Started ResumeAnalyserApplicationTests in 1.458 seconds (process running for 1.748)
]]></system-out>
    <system-err><![CDATA[Mockito is currently self-attaching to enable the inline-mock-maker. This will no longer work in future releases of the JDK. Please add Mockito as an agent to your build what is described in Mockito's documentation: https://javadoc.io/doc/org.mockito/mockito-core/latest/org/mockito/Mockito.html#0.3
WARNING: A Java agent has been loaded dynamically (/Users/brunoguimaraes/.m2/repository/net/bytebuddy/byte-buddy-agent/1.15.11/byte-buddy-agent-1.15.11.jar)
WARNING: If a serviceability tool is in use, please run with -XX:+EnableDynamicAgentLoading to hide this warning
WARNING: If a serviceability tool is not in use, please run with -Djdk.instrument.traceUsage for more information
WARNING: Dynamic loading of agents will be disallowed by default in a future release
]]></system-err>
  </testcase>
</testsuite>